2025-07-10:15:56:18,417 INFO     [psi4.optking.optwrapper:222] Creating a UserComputer
2025-07-10:15:56:18,417 INFO     [psi4.optking.optwrapper:230] 
    			-----------------------------------------

    			 OPTKING 3.0: for geometry optimizations 

    			     By R.A. King, Bethel University     

    			        with contributions from          

    			    A.V. Copan, J. Cayton, A. Heide      

    			-----------------------------------------

    
2025-07-10:15:56:18,417 INFO     [psi4.optking.optwrapper:246] 
		 -- Optimization Parameters --
	accept_symmetry_breaking       =           False
	add_auxiliary_bonds            =           False
	alg_geom_maxiter               =              50
	auxiliary_bond_factor          =             2.5
	bt_dx_conv                     =           1e-07
	bt_dx_rms_change_conv          =           1e-12
	bt_max_iter                    =              25
	bt_pinv_rcond                  =           1e-06
	cart_hess_read                 =           False
	conjugate_gradient_type        =        FLETCHER
	consecutive_backsteps_allowed  =               0
	conv_max_DE                    =           1e-06
	conv_max_disp                  =          0.0012
	conv_max_force                 =          0.0003
	conv_rms_disp                  =              -1
	conv_rms_force                 =              -1
	covalent_connect               =             1.3
	dynamic_level                  =               0
	dynamic_level_max              =               0
	ensure_bt_convergence          =           False
	ext_force_bend                 =              []
	ext_force_cartesian            =              []
	ext_force_dihedral             =              []
	ext_force_distance             =              []
	ext_force_oofp                 =              []
	fix_val_near_pi                =            1.57
	flexible_g_convergence         =           False
	frag_mode                      =          SINGLE
	frag_ref_atoms                 =            None
	freeze_all_dihedrals           =           False
	freeze_intrafrag               =           False
	frozen_bend                    =              []
	frozen_cartesian               =              []
	frozen_dihedral                =              []
	frozen_distance                =              []
	frozen_oofp                    =              []
	full_hess_every                =              -1
	g_convergence                  =           QCHEM
	generate_intcos_exit           =           False
	geom_maxiter                   =              50
	h_bond_connect                 =             4.3
	hess_update                    =            BFGS
	hess_update_den_tol            =           1e-07
	hess_update_dq_tol             =             0.5
	hess_update_limit              =            True
	hess_update_limit_max          =             1.0
	hess_update_limit_scale        =             0.5
	hess_update_use_last           =               4
	hessian_file                   =            None
	i_max_DE                       =            True
	i_max_disp                     =            True
	i_max_force                    =            True
	i_rms_disp                     =           False
	i_rms_force                    =           False
	i_untampered                   =            True
	include_oofp                   =           False
	interfrag_collinear_tol        =            0.01
	interfrag_coords               =            None
	interfrag_dist_inv             =           False
	interfrag_mode                 =           FIXED
	interfrag_trust                =             0.5
	interfrag_trust_max            =             1.0
	interfrag_trust_min            =           0.001
	interfragment_connect          =             1.8
	intrafrag_hess                 =        SCHLEGEL
	intrafrag_trust                =             0.5
	intrafrag_trust_max            =             1.0
	intrafrag_trust_min            =           0.001
	irc_direction                  =         FORWARD
	irc_points                     =              20
	irc_step_size                  =             0.2
	keep_intcos                    =           False
	linear_bend_threshold          =            3.05
	linesearch                     =           False
	linesearch_step                =             0.1
	max_disp_g_convergence         =          0.0012
	max_energy_g_convergence       =           1e-06
	max_force_g_convergence        =          0.0003
	opt_coordinates                =       REDUNDANT
	opt_type                       =             MIN
	output_type                    =            FILE
	print_lvl                      =               1
	program                        =            psi4
	ranged_bend                    =              []
	ranged_cartesian               =              []
	ranged_dihedral                =              []
	ranged_distance                =              []
	ranged_oofp                    =              []
	redundant_eval_tol             =           1e-10
	rfo_follow_root                =           False
	rfo_normalization_max          =             100
	rfo_root                       =               0
	rms_disp_g_convergence         =          0.0012
	rms_force_g_convergence        =          0.0003
	rsrfo_alpha_max                =     100000000.0
	sd_hessian                     =             1.0
	simple_step_scaling            =           False
	small_bend_fix_threshold       =            0.35
	steepest_descent_type          =         OVERLAP
	step_type                      =             RFO
	test_B                         =           False
	test_derivative_B              =           False
	trajectory                     =           False
	unfreeze_dihedrals             =              []
	v3d_tors_angle_lim             =           0.017
	v3d_tors_cos_tol               =           1e-10
	working_consecutive_backsteps  =               0
	working_steps_since_last_H     =               0


2025-07-10:15:56:18,515 INFO     [psi4.optking.opt_helper:151] Molsys:

	                            ===> Fragment 1 <== 

	 Z (Atomic Numbers)          Masses                          Geom                  
	       9.000000            18.998403          0.00000000  0.00000000 -0.08567642   
	       1.000000             1.007825          0.00000000  0.00000000  1.61507710   

	 - Coordinate -           - BOHR/RAD -       - ANG/DEG -
	 R(1,2)           =         1.700754           0.900000

2025-07-10:15:56:18,523 INFO     [psi4.driver.task_planner:285] PLANNING Atomic:  keywords={'REFERENCE': 'RHF', 'SAVE_JK': 1, 'function_kwargs': {}}
2025-07-10:15:56:18,524 INFO     [psi4.driver.driver:636] Compute gradient(): method=b3lyp, basis=cc-pvdz, molecule=default, nre=5.2917721067
2025-07-10:15:56:18,965 INFO     [psi4.driver.driver:639] Return gradient(): -100.43476848940014
2025-07-10:15:56:18,965 INFO     [psi4.driver.driver:640] [[ 0.00000000  0.00000000  0.03294564]
 [ 0.00000000 -0.00000000 -0.03294274]]
2025-07-10:15:56:18,966 INFO     [psi4.optking.molsys:872] Projected (PHP) Hessian matrix
	   0.706726

2025-07-10:15:56:18,966 INFO     [psi4.optking.opt_helper:168] 
	         Geometry (au)                                       Gradient (au)
   0.0000000000   0.0000000000  -0.0856764177		   0.0000000000   0.0000000000   0.0329456383
   0.0000000000   0.0000000000   1.6150770952		   0.0000000000  -0.0000000000  -0.0329427447

2025-07-10:15:56:18,966 INFO     [psi4.optking.stepAlgorithms:949] 	Using RFO solution 1.
2025-07-10:15:56:18,966 INFO     [psi4.optking.displace:96] 	Determining Cartesian step for fragment 1.
2025-07-10:15:56:18,967 INFO     [psi4.optking.displace:435] 	Successfully converged to displaced geometry.
2025-07-10:15:56:18,967 INFO     [psi4.optking.displace:436] 	RMS(dx):  6.410e-17 	Max(dx):  1.110e-16 	RMS(dq):  2.220e-16
2025-07-10:15:56:18,967 INFO     [psi4.optking.displace:159] 

	        --- Internal Coordinate Step in ANG or DEG, aJ/ANG or AJ/DEG ---
	-------------------------------------------------------------------------------
	           Coordinate      Previous         Force          Change          New 
	           ----------      --------        ------          ------        ------
	               R(1,2)       0.90000        0.27142        0.02461       0.92461
	-------------------------------------------------------------------------------

2025-07-10:15:56:18,967 INFO     [psi4.optking.stepAlgorithms:99] 	|target step| :    0.0465143414
2025-07-10:15:56:18,967 INFO     [psi4.optking.stepAlgorithms:100] 	gradient     :   -0.0329441915
2025-07-10:15:56:18,967 INFO     [psi4.optking.stepAlgorithms:101] 	hessian      :    0.7067264192
2025-07-10:15:56:18,967 INFO     [psi4.optking.stepAlgorithms:99] 	|target step| :    0.0465143414
2025-07-10:15:56:18,967 INFO     [psi4.optking.stepAlgorithms:100] 	gradient     :   -0.0329441915
2025-07-10:15:56:18,967 INFO     [psi4.optking.stepAlgorithms:101] 	hessian      :    0.7067264192
2025-07-10:15:56:18,967 INFO     [psi4.optking.stepAlgorithms:196] 	Norm of achieved step-size    0.0465143414
2025-07-10:15:56:18,967 INFO     [psi4.optking.stepAlgorithms:198] 	Norm of achieved step-size (cart):    0.0328906062
2025-07-10:15:56:18,967 INFO     [psi4.optking.opt_helper:151] Molsys:

	                            ===> Fragment 1 <== 

	 Z (Atomic Numbers)          Masses                          Geom                  
	       9.000000            18.998403          0.00000000  0.00000000 -0.10893359   
	       1.000000             1.007825          0.00000000  0.00000000  1.63833427   

	 - Coordinate -           - BOHR/RAD -       - ANG/DEG -
	 R(1,2)           =         1.747268           0.924614

2025-07-10:15:56:18,967 INFO     [psi4.optking.convcheck:71] Performing convergence check.
2025-07-10:15:56:18,967 INFO     [psi4.optking.convcheck:263] 
	                                 ==> Convergence Check <==                                  
    
	Measures of convergence in internal coordinates in au.
    
	Criteria marked as inactive (o), active & met (*), and active & unmet ( ).

	----------------------------------------------------------------------------------------------~
	   Step    Total Energy     Delta E     Max Force     RMS Force      Max Disp      RMS Disp   ~
	----------------------------------------------------------------------------------------------~
	  Convergence Criteria     1.00e-06 *    3.00e-04 *             o    1.20e-03 *             o~
	----------------------------------------------------------------------------------------------~
	     1    -100.43476849   -1.00e+02      3.29e-02      3.29e-02 o    4.65e-02      4.65e-02 o  ~
	----------------------------------------------------------------------------------------------


2025-07-10:15:56:18,967 INFO     [psi4.optking.stepAlgorithms:297] 	Convergence check returned False
2025-07-10:15:56:18,976 INFO     [psi4.driver.task_planner:285] PLANNING Atomic:  keywords={'SCF__GUESS': 'READ', 'SCF__INTS_TOLERANCE': 1e-12, 'REFERENCE': 'RHF', 'SAVE_JK': 1, 'function_kwargs': {}}
2025-07-10:15:56:18,977 INFO     [psi4.driver.driver:636] Compute gradient(): method=b3lyp, basis=cc-pvdz, molecule=default, nre=5.150898860682029
2025-07-10:15:56:19,247 INFO     [psi4.driver.driver:639] Return gradient(): -100.43557336218397
2025-07-10:15:56:19,247 INFO     [psi4.driver.driver:640] [[ 0.00000000 -0.00000000  0.00257948]
 [ 0.00000000  0.00000000 -0.00257666]]
2025-07-10:15:56:19,249 INFO     [psi4.optking.history:256] 	Performing BFGS update.
2025-07-10:15:56:19,249 INFO     [psi4.optking.history:267] 	Using 1 previous steps for update.
2025-07-10:15:56:19,249 INFO     [psi4.optking.history:301] 	Steps to be used in Hessian update:  1

2025-07-10:15:56:19,249 INFO     [psi4.optking.history:399] 	Updated Hessian (in au) 
 	   0.652834

2025-07-10:15:56:19,249 INFO     [psi4.optking.molsys:872] Projected (PHP) Hessian matrix
	   0.652834

2025-07-10:15:56:19,249 INFO     [psi4.optking.opt_helper:168] 
	         Geometry (au)                                       Gradient (au)
   0.0000000000   0.0000000000  -0.0880196039		   0.0000000000  -0.0000000000   0.0025794791
   0.0000000000   0.0000000000   1.6592482504		   0.0000000000   0.0000000000  -0.0025766584

2025-07-10:15:56:19,249 INFO     [psi4.optking.stepAlgorithms:370] 	Current Step Report 
 
	Current energy:      -100.4355733622
	Energy change for the previous step:
		Actual       :        -0.0008048728
		Projected    :        -0.0007661887

2025-07-10:15:56:19,249 INFO     [psi4.optking.stepAlgorithms:373] 	Energy ratio =    1.05049
2025-07-10:15:56:19,249 INFO     [psi4.optking.stepAlgorithms:401] 	Energy ratio indicates good step.
2025-07-10:15:56:19,249 INFO     [psi4.optking.stepAlgorithms:402] 	Intrafrag trust radius increased to      1.
2025-07-10:15:56:19,249 INFO     [psi4.optking.stepAlgorithms:949] 	Using RFO solution 1.
2025-07-10:15:56:19,249 INFO     [psi4.optking.displace:96] 	Determining Cartesian step for fragment 1.
2025-07-10:15:56:19,249 INFO     [psi4.optking.displace:435] 	Successfully converged to displaced geometry.
2025-07-10:15:56:19,249 INFO     [psi4.optking.displace:436] 	RMS(dx):  6.410e-17 	Max(dx):  1.110e-16 	RMS(dq):  2.220e-16
2025-07-10:15:56:19,249 INFO     [psi4.optking.displace:159] 

	        --- Internal Coordinate Step in ANG or DEG, aJ/ANG or AJ/DEG ---
	-------------------------------------------------------------------------------
	           Coordinate      Previous         Force          Change          New 
	           ----------      --------        ------          ------        ------
	               R(1,2)       0.92461        0.02124        0.00209       0.92670
	-------------------------------------------------------------------------------

2025-07-10:15:56:19,249 INFO     [psi4.optking.stepAlgorithms:99] 	|target step| :    0.0039489829
2025-07-10:15:56:19,249 INFO     [psi4.optking.stepAlgorithms:100] 	gradient     :   -0.0025780687
2025-07-10:15:56:19,249 INFO     [psi4.optking.stepAlgorithms:101] 	hessian      :    0.6528335520
2025-07-10:15:56:19,249 INFO     [psi4.optking.stepAlgorithms:99] 	|target step| :    0.0039489829
2025-07-10:15:56:19,249 INFO     [psi4.optking.stepAlgorithms:100] 	gradient     :   -0.0025780687
2025-07-10:15:56:19,249 INFO     [psi4.optking.stepAlgorithms:101] 	hessian      :    0.6528335520
2025-07-10:15:56:19,249 INFO     [psi4.optking.stepAlgorithms:196] 	Norm of achieved step-size    0.0039489829
2025-07-10:15:56:19,249 INFO     [psi4.optking.stepAlgorithms:198] 	Norm of achieved step-size (cart):    0.0027923526
2025-07-10:15:56:19,250 INFO     [psi4.optking.opt_helper:151] Molsys:

	                            ===> Fragment 1 <== 

	 Z (Atomic Numbers)          Masses                          Geom                  
	       9.000000            18.998403          0.00000000  0.00000000 -0.08999410   
	       1.000000             1.007825          0.00000000  0.00000000  1.66122274   

	 - Coordinate -           - BOHR/RAD -       - ANG/DEG -
	 R(1,2)           =         1.751217           0.926704

2025-07-10:15:56:19,250 INFO     [psi4.optking.convcheck:71] Performing convergence check.
2025-07-10:15:56:19,250 INFO     [psi4.optking.convcheck:263] 
	                                 ==> Convergence Check <==                                  
    
	Measures of convergence in internal coordinates in au.
    
	Criteria marked as inactive (o), active & met (*), and active & unmet ( ).

	----------------------------------------------------------------------------------------------
	   Step    Total Energy     Delta E     Max Force     RMS Force      Max Disp      RMS Disp   
	----------------------------------------------------------------------------------------------
	  Convergence Criteria     1.00e-06 *    3.00e-04 *             o    1.20e-03 *             o
	----------------------------------------------------------------------------------------------
	     2    -100.43557336   -8.05e-04      2.58e-03      2.58e-03 o    3.95e-03      3.95e-03 o  ~
	----------------------------------------------------------------------------------------------


2025-07-10:15:56:19,250 INFO     [psi4.optking.stepAlgorithms:297] 	Convergence check returned False
2025-07-10:15:56:19,258 INFO     [psi4.driver.task_planner:285] PLANNING Atomic:  keywords={'SCF__GUESS': 'READ', 'SCF__INTS_TOLERANCE': 1e-12, 'REFERENCE': 'RHF', 'SAVE_JK': 1, 'function_kwargs': {}}
2025-07-10:15:56:19,259 INFO     [psi4.driver.driver:636] Compute gradient(): method=b3lyp, basis=cc-pvdz, molecule=default, nre=5.139283616260117
2025-07-10:15:56:19,506 INFO     [psi4.driver.driver:639] Return gradient(): -100.43557891733596
2025-07-10:15:56:19,506 INFO     [psi4.driver.driver:640] [[ 0.00000000  0.00000000  0.00024523]
 [-0.00000000  0.00000000 -0.00024243]]
2025-07-10:15:56:19,507 INFO     [psi4.optking.history:256] 	Performing BFGS update.
2025-07-10:15:56:19,507 INFO     [psi4.optking.history:267] 	Using 2 previous steps for update.
2025-07-10:15:56:19,507 INFO     [psi4.optking.history:301] 	Steps to be used in Hessian update:  2 1

2025-07-10:15:56:19,507 INFO     [psi4.optking.history:399] 	Updated Hessian (in au) 
 	   0.648002

2025-07-10:15:56:19,507 INFO     [psi4.optking.molsys:872] Projected (PHP) Hessian matrix
	   0.648002

2025-07-10:15:56:19,507 INFO     [psi4.optking.opt_helper:168] 
	         Geometry (au)                                       Gradient (au)
   0.0000000000   0.0000000000  -0.0882185362		   0.0000000000   0.0000000000   0.0002452341
   0.0000000000   0.0000000000   1.6629983011		  -0.0000000000   0.0000000000  -0.0002424303

2025-07-10:15:56:19,507 INFO     [psi4.optking.stepAlgorithms:370] 	Current Step Report 
 
	Current energy:      -100.4355789173
	Energy change for the previous step:
		Actual       :        -0.0000055552
		Projected    :        -0.0000050904

2025-07-10:15:56:19,507 INFO     [psi4.optking.stepAlgorithms:373] 	Energy ratio =    1.09131
2025-07-10:15:56:19,507 INFO     [psi4.optking.stepAlgorithms:949] 	Using RFO solution 1.
2025-07-10:15:56:19,507 INFO     [psi4.optking.displace:96] 	Determining Cartesian step for fragment 1.
2025-07-10:15:56:19,507 INFO     [psi4.optking.displace:435] 	Successfully converged to displaced geometry.
2025-07-10:15:56:19,507 INFO     [psi4.optking.displace:436] 	RMS(dx):  0.000e+00 	Max(dx):  0.000e+00 	RMS(dq):  0.000e+00
2025-07-10:15:56:19,507 INFO     [psi4.optking.displace:159] 

	        --- Internal Coordinate Step in ANG or DEG, aJ/ANG or AJ/DEG ---
	-------------------------------------------------------------------------------
	           Coordinate      Previous         Force          Change          New 
	           ----------      --------        ------          ------        ------
	               R(1,2)       0.92670        0.00201        0.00020       0.92690
	-------------------------------------------------------------------------------

2025-07-10:15:56:19,507 INFO     [psi4.optking.stepAlgorithms:99] 	|target step| :    0.0003762827
2025-07-10:15:56:19,507 INFO     [psi4.optking.stepAlgorithms:100] 	gradient     :   -0.0002438322
2025-07-10:15:56:19,507 INFO     [psi4.optking.stepAlgorithms:101] 	hessian      :    0.6480024794
2025-07-10:15:56:19,507 INFO     [psi4.optking.stepAlgorithms:99] 	|target step| :    0.0003762827
2025-07-10:15:56:19,508 INFO     [psi4.optking.stepAlgorithms:100] 	gradient     :   -0.0002438322
2025-07-10:15:56:19,508 INFO     [psi4.optking.stepAlgorithms:101] 	hessian      :    0.6480024794
2025-07-10:15:56:19,508 INFO     [psi4.optking.stepAlgorithms:196] 	Norm of achieved step-size    0.0003762827
2025-07-10:15:56:19,508 INFO     [psi4.optking.stepAlgorithms:198] 	Norm of achieved step-size (cart):    0.0002660721
2025-07-10:15:56:19,508 INFO     [psi4.optking.opt_helper:151] Molsys:

	                            ===> Fragment 1 <== 

	 Z (Atomic Numbers)          Masses                          Geom                  
	       9.000000            18.998403          0.00000000  0.00000000 -0.08840668   
	       1.000000             1.007825          0.00000000  0.00000000  1.66318644   

	 - Coordinate -           - BOHR/RAD -       - ANG/DEG -
	 R(1,2)           =         1.751593           0.926903

2025-07-10:15:56:19,508 INFO     [psi4.optking.convcheck:71] Performing convergence check.
2025-07-10:15:56:19,508 INFO     [psi4.optking.convcheck:263] 
	                                 ==> Convergence Check <==                                  
    
	Measures of convergence in internal coordinates in au.
    
	Criteria marked as inactive (o), active & met (*), and active & unmet ( ).

	----------------------------------------------------------------------------------------------
	   Step    Total Energy     Delta E     Max Force     RMS Force      Max Disp      RMS Disp   
	----------------------------------------------------------------------------------------------
	  Convergence Criteria     1.00e-06 *    3.00e-04 *             o    1.20e-03 *             o
	----------------------------------------------------------------------------------------------
	     3    -100.43557892   -5.56e-06      2.44e-04 *    2.44e-04 o    3.76e-04 *    3.76e-04 o  ~
	----------------------------------------------------------------------------------------------


2025-07-10:15:56:19,508 INFO     [psi4.optking.convcheck:193] 
	                      ===> Final Convergence Report <===                     

	----------------------------------------------------------------------------
	|   Required Criteria    |  One or More Criteria  |   Alternate Criteria   |
	----------------------------------------------------------------------------
	| [x]     max_force      | [ ]       max_DE       |                        |
	|                        | [x]      max_disp      |                        |
	----------------------------------------------------------------------------


2025-07-10:15:56:19,508 INFO     [psi4.optking.stepAlgorithms:297] 	Convergence check returned True
2025-07-10:15:56:19,508 INFO     [psi4.optking.optimize:296] 	Converged in 3 steps!
2025-07-10:15:56:19,508 INFO     [psi4.optking.optimize:297] 	Final energy is   -100.4355789173360
2025-07-10:15:56:19,508 INFO     [psi4.optking.optimize:298] 	Final structure (Angstroms): 
	Fragment 1 (Ang)

	    F   0.0000000000   0.0000000000  -0.0467827990
	    H   0.0000000000   0.0000000000   0.8801203624


2025-07-10:15:56:19,508 INFO     [psi4.optking.optimize:483] 	Optimization Finished

	==> Optimization Summary <==

        
	Measures of convergence in internal coordinates in au. (Any backward steps not shown.)
        
	---------------------------------------------------------------------------------------------------------------  ~
        
	 Step         Total Energy             Delta E       MAX Force       RMS Force        MAX Disp        RMS Disp   ~
        
	---------------------------------------------------------------------------------------------------------------  ~
        
	     1    -100.434768489400   -100.434768489400      0.03294419      0.03294419      0.04651434      0.04651434  ~
	     2    -100.435573362184     -0.000804872784      0.00257807      0.00257807      0.00394898      0.00394898  ~
	     3    -100.435578917336     -0.000005555152      0.00024383      0.00024383      0.00037628      0.00037628  ~
	----------------------------------------------------------------------------------------------------------------


2025-07-10:15:56:19,508 INFO     [psi4.optking.optimize:711] Preparing OptimizationResult
2025-07-10:15:56:19,517 INFO     [psi4.driver.task_planner:285] PLANNING Atomic:  keywords={'SCF__INTS_TOLERANCE': 1e-12, 'REFERENCE': 'RHF', 'SAVE_JK': 1, 'function_kwargs': {}}
2025-07-10:15:56:19,518 INFO     [psi4.driver.driver:523] Compute energy(): method=b3lyp, basis=cc-pvdz, molecule=default, nre=5.139283616260117
2025-07-10:15:56:19,735 INFO     [psi4.driver.driver:526] Return energy(): -100.43557891730518
2025-07-10:15:56:20,324 INFO     [psi4.driver.task_planner:285] PLANNING Atomic:  keywords={'SCF__INTS_TOLERANCE': 1e-12, 'REFERENCE': 'UHF', 'SAVE_JK': 1, 'function_kwargs': {}}
2025-07-10:15:56:20,325 INFO     [psi4.driver.driver:523] Compute energy(): method=b3lyp, basis=cc-pvdz, molecule=default, nre=0.0
2025-07-10:15:56:20,454 INFO     [psi4.driver.driver:526] Return energy(): -99.7266263946347
2025-07-10:15:56:20,463 INFO     [psi4.driver.task_planner:285] PLANNING Atomic:  keywords={'SCF__INTS_TOLERANCE': 1e-12, 'REFERENCE': 'UHF', 'SAVE_JK': 1, 'function_kwargs': {}}
2025-07-10:15:56:20,464 INFO     [psi4.driver.driver:523] Compute energy(): method=b3lyp, basis=cc-pvdz, molecule=default, nre=0.0
2025-07-10:15:56:20,516 INFO     [psi4.driver.driver:526] Return energy(): -0.5012588841103492
2025-07-10:15:56:20,532 INFO     [psi4.driver.task_planner:285] PLANNING Atomic:  keywords={'SCF__INTS_TOLERANCE': 1e-12, 'REFERENCE': 'RHF', 'SAVE_JK': 1, 'function_kwargs': {}}
2025-07-10:15:56:20,533 INFO     [psi4.driver.driver:523] Compute energy(): method=b3lyp, basis=cc-pvdz, molecule=default, nre=5.9532436200375
2025-07-10:15:56:20,748 INFO     [psi4.driver.driver:526] Return energy(): -100.41209205508406
2025-07-10:15:56:20,757 INFO     [psi4.driver.task_planner:285] PLANNING Atomic:  keywords={'SCF__INTS_TOLERANCE': 1e-12, 'REFERENCE': 'RHF', 'SAVE_JK': 1, 'function_kwargs': {}}
2025-07-10:15:56:20,758 INFO     [psi4.driver.driver:523] Compute energy(): method=b3lyp, basis=cc-pvdz, molecule=default, nre=5.893109846097727
2025-07-10:15:56:20,973 INFO     [psi4.driver.driver:526] Return energy(): -100.41547692354457
2025-07-10:15:56:20,982 INFO     [psi4.driver.task_planner:285] PLANNING Atomic:  keywords={'SCF__INTS_TOLERANCE': 1e-12, 'REFERENCE': 'RHF', 'SAVE_JK': 1, 'function_kwargs': {}}
2025-07-10:15:56:20,983 INFO     [psi4.driver.driver:523] Compute energy(): method=b3lyp, basis=cc-pvdz, molecule=default, nre=5.8341787476367495
2025-07-10:15:56:21,197 INFO     [psi4.driver.driver:526] Return energy(): -100.41853305419534
2025-07-10:15:56:21,206 INFO     [psi4.driver.task_planner:285] PLANNING Atomic:  keywords={'SCF__INTS_TOLERANCE': 1e-12, 'REFERENCE': 'RHF', 'SAVE_JK': 1, 'function_kwargs': {}}
2025-07-10:15:56:21,207 INFO     [psi4.driver.driver:523] Compute energy(): method=b3lyp, basis=cc-pvdz, molecule=default, nre=5.776414601620544
2025-07-10:15:56:21,422 INFO     [psi4.driver.driver:526] Return energy(): -100.42127903274219
2025-07-10:15:56:21,431 INFO     [psi4.driver.task_planner:285] PLANNING Atomic:  keywords={'SCF__INTS_TOLERANCE': 1e-12, 'REFERENCE': 'RHF', 'SAVE_JK': 1, 'function_kwargs': {}}
2025-07-10:15:56:21,432 INFO     [psi4.driver.driver:523] Compute energy(): method=b3lyp, basis=cc-pvdz, molecule=default, nre=5.719783085918382
2025-07-10:15:56:21,650 INFO     [psi4.driver.driver:526] Return energy(): -100.42373241446434
2025-07-10:15:56:21,659 INFO     [psi4.driver.task_planner:285] PLANNING Atomic:  keywords={'SCF__INTS_TOLERANCE': 1e-12, 'REFERENCE': 'RHF', 'SAVE_JK': 1, 'function_kwargs': {}}
2025-07-10:15:56:21,660 INFO     [psi4.driver.driver:523] Compute energy(): method=b3lyp, basis=cc-pvdz, molecule=default, nre=5.664251211297815
2025-07-10:15:56:21,872 INFO     [psi4.driver.driver:526] Return energy(): -100.4259097840437
2025-07-10:15:56:21,881 INFO     [psi4.driver.task_planner:285] PLANNING Atomic:  keywords={'SCF__INTS_TOLERANCE': 1e-12, 'REFERENCE': 'RHF', 'SAVE_JK': 1, 'function_kwargs': {}}
2025-07-10:15:56:21,882 INFO     [psi4.driver.driver:523] Compute energy(): method=b3lyp, basis=cc-pvdz, molecule=default, nre=5.6097872573430285
2025-07-10:15:56:22,95 INFO     [psi4.driver.driver:526] Return energy(): -100.427826810344
2025-07-10:15:56:22,104 INFO     [psi4.driver.task_planner:285] PLANNING Atomic:  keywords={'SCF__INTS_TOLERANCE': 1e-12, 'REFERENCE': 'RHF', 'SAVE_JK': 1, 'function_kwargs': {}}
2025-07-10:15:56:22,105 INFO     [psi4.driver.driver:523] Compute energy(): method=b3lyp, basis=cc-pvdz, molecule=default, nre=5.556360712035
2025-07-10:15:56:22,320 INFO     [psi4.driver.driver:526] Return energy(): -100.42949829724078
2025-07-10:15:56:22,329 INFO     [psi4.driver.task_planner:285] PLANNING Atomic:  keywords={'SCF__INTS_TOLERANCE': 1e-12, 'REFERENCE': 'RHF', 'SAVE_JK': 1, 'function_kwargs': {}}
2025-07-10:15:56:22,330 INFO     [psi4.driver.driver:523] Compute energy(): method=b3lyp, basis=cc-pvdz, molecule=default, nre=5.503942214751651
2025-07-10:15:56:22,544 INFO     [psi4.driver.driver:526] Return energy(): -100.43093823183344
2025-07-10:15:56:22,553 INFO     [psi4.driver.task_planner:285] PLANNING Atomic:  keywords={'SCF__INTS_TOLERANCE': 1e-12, 'REFERENCE': 'RHF', 'SAVE_JK': 1, 'function_kwargs': {}}
2025-07-10:15:56:22,554 INFO     [psi4.driver.driver:523] Compute energy(): method=b3lyp, basis=cc-pvdz, molecule=default, nre=5.4525035024642525
2025-07-10:15:56:22,768 INFO     [psi4.driver.driver:526] Return energy(): -100.4321598305603
2025-07-10:15:56:22,777 INFO     [psi4.driver.task_planner:285] PLANNING Atomic:  keywords={'SCF__INTS_TOLERANCE': 1e-12, 'REFERENCE': 'RHF', 'SAVE_JK': 1, 'function_kwargs': {}}
2025-07-10:15:56:22,778 INFO     [psi4.driver.driver:523] Compute energy(): method=b3lyp, basis=cc-pvdz, molecule=default, nre=5.402017358922917
2025-07-10:15:56:22,992 INFO     [psi4.driver.driver:526] Return energy(): -100.43317558283536
2025-07-10:15:56:23,1 INFO     [psi4.driver.task_planner:285] PLANNING Atomic:  keywords={'SCF__INTS_TOLERANCE': 1e-12, 'REFERENCE': 'RHF', 'SAVE_JK': 1, 'function_kwargs': {}}
2025-07-10:15:56:23,2 INFO     [psi4.driver.driver:523] Compute energy(): method=b3lyp, basis=cc-pvdz, molecule=default, nre=5.35245756663922
2025-07-10:15:56:23,216 INFO     [psi4.driver.driver:526] Return energy(): -100.43399729177041
2025-07-10:15:56:23,226 INFO     [psi4.driver.task_planner:285] PLANNING Atomic:  keywords={'SCF__INTS_TOLERANCE': 1e-12, 'REFERENCE': 'RHF', 'SAVE_JK': 1, 'function_kwargs': {}}
2025-07-10:15:56:23,227 INFO     [psi4.driver.driver:523] Compute energy(): method=b3lyp, basis=cc-pvdz, molecule=default, nre=5.303798861487955
2025-07-10:15:56:23,452 INFO     [psi4.driver.driver:526] Return energy(): -100.43463611220095
2025-07-10:15:56:23,461 INFO     [psi4.driver.task_planner:285] PLANNING Atomic:  keywords={'SCF__INTS_TOLERANCE': 1e-12, 'REFERENCE': 'RHF', 'SAVE_JK': 1, 'function_kwargs': {}}
2025-07-10:15:56:23,462 INFO     [psi4.driver.driver:523] Compute energy(): method=b3lyp, basis=cc-pvdz, molecule=default, nre=5.256016889762838
2025-07-10:15:56:23,677 INFO     [psi4.driver.driver:526] Return energy(): -100.43510258651757
2025-07-10:15:56:23,686 INFO     [psi4.driver.task_planner:285] PLANNING Atomic:  keywords={'SCF__INTS_TOLERANCE': 1e-12, 'REFERENCE': 'RHF', 'SAVE_JK': 1, 'function_kwargs': {}}
2025-07-10:15:56:23,687 INFO     [psi4.driver.driver:523] Compute energy(): method=b3lyp, basis=cc-pvdz, molecule=default, nre=5.209088167532812
2025-07-10:15:56:23,902 INFO     [psi4.driver.driver:526] Return energy(): -100.43540667842392
2025-07-10:15:56:23,911 INFO     [psi4.driver.task_planner:285] PLANNING Atomic:  keywords={'SCF__INTS_TOLERANCE': 1e-12, 'REFERENCE': 'RHF', 'SAVE_JK': 1, 'function_kwargs': {}}
2025-07-10:15:56:23,912 INFO     [psi4.driver.driver:523] Compute energy(): method=b3lyp, basis=cc-pvdz, molecule=default, nre=5.162990042156415
2025-07-10:15:56:24,126 INFO     [psi4.driver.driver:526] Return energy(): -100.43555780466417
2025-07-10:15:56:24,136 INFO     [psi4.driver.task_planner:285] PLANNING Atomic:  keywords={'SCF__INTS_TOLERANCE': 1e-12, 'REFERENCE': 'RHF', 'SAVE_JK': 1, 'function_kwargs': {}}
2025-07-10:15:56:24,137 INFO     [psi4.driver.driver:523] Compute energy(): method=b3lyp, basis=cc-pvdz, molecule=default, nre=5.117700655821711
2025-07-10:15:56:24,353 INFO     [psi4.driver.driver:526] Return energy(): -100.43556486513783
2025-07-10:15:56:24,362 INFO     [psi4.driver.task_planner:285] PLANNING Atomic:  keywords={'SCF__INTS_TOLERANCE': 1e-12, 'REFERENCE': 'RHF', 'SAVE_JK': 1, 'function_kwargs': {}}
2025-07-10:15:56:24,363 INFO     [psi4.driver.driver:523] Compute energy(): method=b3lyp, basis=cc-pvdz, molecule=default, nre=5.073198910988478
2025-07-10:15:56:24,580 INFO     [psi4.driver.driver:526] Return energy(): -100.4354362714071
2025-07-10:15:56:24,589 INFO     [psi4.driver.task_planner:285] PLANNING Atomic:  keywords={'SCF__INTS_TOLERANCE': 1e-12, 'REFERENCE': 'RHF', 'SAVE_JK': 1, 'function_kwargs': {}}
2025-07-10:15:56:24,590 INFO     [psi4.driver.driver:523] Compute energy(): method=b3lyp, basis=cc-pvdz, molecule=default, nre=5.0294644376178885
2025-07-10:15:56:24,804 INFO     [psi4.driver.driver:526] Return energy(): -100.43517997392136
2025-07-10:15:56:24,814 INFO     [psi4.driver.task_planner:285] PLANNING Atomic:  keywords={'SCF__INTS_TOLERANCE': 1e-12, 'REFERENCE': 'RHF', 'SAVE_JK': 1, 'function_kwargs': {}}
2025-07-10:15:56:24,815 INFO     [psi4.driver.driver:523] Compute energy(): method=b3lyp, basis=cc-pvdz, molecule=default, nre=4.986477562082692
2025-07-10:15:56:25,29 INFO     [psi4.driver.driver:526] Return energy(): -100.43480348808986
2025-07-10:15:56:25,38 INFO     [psi4.driver.task_planner:285] PLANNING Atomic:  keywords={'SCF__INTS_TOLERANCE': 1e-12, 'REFERENCE': 'RHF', 'SAVE_JK': 1, 'function_kwargs': {}}
2025-07-10:15:56:25,39 INFO     [psi4.driver.driver:523] Compute energy(): method=b3lyp, basis=cc-pvdz, molecule=default, nre=4.944219277658263
2025-07-10:15:56:25,253 INFO     [psi4.driver.driver:526] Return energy(): -100.43431391899954
2025-07-10:15:56:25,263 INFO     [psi4.driver.task_planner:285] PLANNING Atomic:  keywords={'SCF__INTS_TOLERANCE': 1e-12, 'REFERENCE': 'RHF', 'SAVE_JK': 1, 'function_kwargs': {}}
2025-07-10:15:56:25,264 INFO     [psi4.driver.driver:523] Compute energy(): method=b3lyp, basis=cc-pvdz, molecule=default, nre=4.902671216501471
2025-07-10:15:56:25,499 INFO     [psi4.driver.driver:526] Return energy(): -100.43371798440037
2025-07-10:15:56:25,508 INFO     [psi4.driver.task_planner:285] PLANNING Atomic:  keywords={'SCF__INTS_TOLERANCE': 1e-12, 'REFERENCE': 'RHF', 'SAVE_JK': 1, 'function_kwargs': {}}
2025-07-10:15:56:25,509 INFO     [psi4.driver.driver:523] Compute energy(): method=b3lyp, basis=cc-pvdz, molecule=default, nre=4.861815623030625
2025-07-10:15:56:25,743 INFO     [psi4.driver.driver:526] Return energy(): -100.43302203571221
2025-07-10:15:56:25,753 INFO     [psi4.driver.task_planner:285] PLANNING Atomic:  keywords={'SCF__INTS_TOLERANCE': 1e-12, 'REFERENCE': 'RHF', 'SAVE_JK': 1, 'function_kwargs': {}}
2025-07-10:15:56:25,754 INFO     [psi4.driver.driver:523] Compute energy(): method=b3lyp, basis=cc-pvdz, molecule=default, nre=4.821635328625414
2025-07-10:15:56:25,990 INFO     [psi4.driver.driver:526] Return energy(): -100.43223207860775
2025-07-10:15:56:25,999 INFO     [psi4.driver.task_planner:285] PLANNING Atomic:  keywords={'SCF__INTS_TOLERANCE': 1e-12, 'REFERENCE': 'RHF', 'SAVE_JK': 1, 'function_kwargs': {}}
2025-07-10:15:56:26,0 INFO     [psi4.driver.driver:523] Compute energy(): method=b3lyp, basis=cc-pvdz, molecule=default, nre=4.782113727571107
2025-07-10:15:56:26,235 INFO     [psi4.driver.driver:526] Return energy(): -100.43135379213572
2025-07-10:15:56:26,244 INFO     [psi4.driver.task_planner:285] PLANNING Atomic:  keywords={'SCF__INTS_TOLERANCE': 1e-12, 'REFERENCE': 'RHF', 'SAVE_JK': 1, 'function_kwargs': {}}
2025-07-10:15:56:26,245 INFO     [psi4.driver.driver:523] Compute energy(): method=b3lyp, basis=cc-pvdz, molecule=default, nre=4.743234754176219
2025-07-10:15:56:26,481 INFO     [psi4.driver.driver:526] Return energy(): -100.43039254744038
2025-07-10:15:56:26,490 INFO     [psi4.driver.task_planner:285] PLANNING Atomic:  keywords={'SCF__INTS_TOLERANCE': 1e-12, 'REFERENCE': 'RHF', 'SAVE_JK': 1, 'function_kwargs': {}}
2025-07-10:15:56:26,491 INFO     [psi4.driver.driver:523] Compute energy(): method=b3lyp, basis=cc-pvdz, molecule=default, nre=4.70498286099738
2025-07-10:15:56:26,726 INFO     [psi4.driver.driver:526] Return energy(): -100.42935342566103
2025-07-10:15:56:26,735 INFO     [psi4.driver.task_planner:285] PLANNING Atomic:  keywords={'SCF__INTS_TOLERANCE': 1e-12, 'REFERENCE': 'RHF', 'SAVE_JK': 1, 'function_kwargs': {}}
2025-07-10:15:56:26,736 INFO     [psi4.driver.driver:523] Compute energy(): method=b3lyp, basis=cc-pvdz, molecule=default, nre=4.6673429981094
2025-07-10:15:56:26,972 INFO     [psi4.driver.driver:526] Return energy(): -100.42824123485188
2025-07-10:15:56:26,981 INFO     [psi4.driver.task_planner:285] PLANNING Atomic:  keywords={'SCF__INTS_TOLERANCE': 1e-12, 'REFERENCE': 'RHF', 'SAVE_JK': 1, 'function_kwargs': {}}
2025-07-10:15:56:26,982 INFO     [psi4.driver.driver:523] Compute energy(): method=b3lyp, basis=cc-pvdz, molecule=default, nre=4.630300593362501
2025-07-10:15:56:27,218 INFO     [psi4.driver.driver:526] Return energy(): -100.42706052559406
2025-07-10:15:56:27,227 INFO     [psi4.driver.task_planner:285] PLANNING Atomic:  keywords={'SCF__INTS_TOLERANCE': 1e-12, 'REFERENCE': 'RHF', 'SAVE_JK': 1, 'function_kwargs': {}}
2025-07-10:15:56:27,228 INFO     [psi4.driver.driver:523] Compute energy(): method=b3lyp, basis=cc-pvdz, molecule=default, nre=4.5938415335722445
2025-07-10:15:56:27,464 INFO     [psi4.driver.driver:526] Return energy(): -100.42581560535272
2025-07-10:15:56:27,473 INFO     [psi4.driver.task_planner:285] PLANNING Atomic:  keywords={'SCF__INTS_TOLERANCE': 1e-12, 'REFERENCE': 'RHF', 'SAVE_JK': 1, 'function_kwargs': {}}
2025-07-10:15:56:27,474 INFO     [psi4.driver.driver:523] Compute energy(): method=b3lyp, basis=cc-pvdz, molecule=default, nre=4.5579521465912105
2025-07-10:15:56:27,709 INFO     [psi4.driver.driver:526] Return energy(): -100.4245105520619
2025-07-10:15:56:27,718 INFO     [psi4.driver.task_planner:285] PLANNING Atomic:  keywords={'SCF__INTS_TOLERANCE': 1e-12, 'REFERENCE': 'RHF', 'SAVE_JK': 1, 'function_kwargs': {}}
2025-07-10:15:56:27,719 INFO     [psi4.driver.driver:523] Compute energy(): method=b3lyp, basis=cc-pvdz, molecule=default, nre=4.522619184214537
2025-07-10:15:56:27,955 INFO     [psi4.driver.driver:526] Return energy(): -100.42314922716712
2025-07-10:15:56:27,964 INFO     [psi4.driver.task_planner:285] PLANNING Atomic:  keywords={'SCF__INTS_TOLERANCE': 1e-12, 'REFERENCE': 'RHF', 'SAVE_JK': 1, 'function_kwargs': {}}
2025-07-10:15:56:27,965 INFO     [psi4.driver.driver:523] Compute energy(): method=b3lyp, basis=cc-pvdz, molecule=default, nre=4.487829805874423
2025-07-10:15:56:28,200 INFO     [psi4.driver.driver:526] Return energy(): -100.42173528804443
2025-07-10:15:56:28,209 INFO     [psi4.driver.task_planner:285] PLANNING Atomic:  keywords={'SCF__INTS_TOLERANCE': 1e-12, 'REFERENCE': 'RHF', 'SAVE_JK': 1, 'function_kwargs': {}}
2025-07-10:15:56:28,210 INFO     [psi4.driver.driver:523] Compute energy(): method=b3lyp, basis=cc-pvdz, molecule=default, nre=4.453571563081488
2025-07-10:15:56:28,423 INFO     [psi4.driver.driver:526] Return energy(): -100.42027219965304
2025-07-10:15:56:28,432 INFO     [psi4.driver.task_planner:285] PLANNING Atomic:  keywords={'SCF__INTS_TOLERANCE': 1e-12, 'REFERENCE': 'RHF', 'SAVE_JK': 1, 'function_kwargs': {}}
2025-07-10:15:56:28,433 INFO     [psi4.driver.driver:523] Compute energy(): method=b3lyp, basis=cc-pvdz, molecule=default, nre=4.419832384573295
2025-07-10:15:56:28,649 INFO     [psi4.driver.driver:526] Return energy(): -100.41876324570543
2025-07-10:15:56:28,658 INFO     [psi4.driver.task_planner:285] PLANNING Atomic:  keywords={'SCF__INTS_TOLERANCE': 1e-12, 'REFERENCE': 'RHF', 'SAVE_JK': 1, 'function_kwargs': {}}
2025-07-10:15:56:28,659 INFO     [psi4.driver.driver:523] Compute energy(): method=b3lyp, basis=cc-pvdz, molecule=default, nre=4.3866005621328945
2025-07-10:15:56:28,874 INFO     [psi4.driver.driver:526] Return energy(): -100.41721153890185
2025-07-10:15:56:28,883 INFO     [psi4.driver.task_planner:285] PLANNING Atomic:  keywords={'SCF__INTS_TOLERANCE': 1e-12, 'REFERENCE': 'RHF', 'SAVE_JK': 1, 'function_kwargs': {}}
2025-07-10:15:56:28,884 INFO     [psi4.driver.driver:523] Compute energy(): method=b3lyp, basis=cc-pvdz, molecule=default, nre=4.35386473704235
2025-07-10:15:56:29,120 INFO     [psi4.driver.driver:526] Return energy(): -100.41562003102527
2025-07-10:15:56:29,130 INFO     [psi4.driver.task_planner:285] PLANNING Atomic:  keywords={'SCF__INTS_TOLERANCE': 1e-12, 'REFERENCE': 'RHF', 'SAVE_JK': 1, 'function_kwargs': {}}
2025-07-10:15:56:29,131 INFO     [psi4.driver.driver:523] Compute energy(): method=b3lyp, basis=cc-pvdz, molecule=default, nre=4.3216138871383345
2025-07-10:15:56:29,366 INFO     [psi4.driver.driver:526] Return energy(): -100.41399152150375
2025-07-10:15:56:29,375 INFO     [psi4.driver.task_planner:285] PLANNING Atomic:  keywords={'SCF__INTS_TOLERANCE': 1e-12, 'REFERENCE': 'RHF', 'SAVE_JK': 1, 'function_kwargs': {}}
2025-07-10:15:56:29,375 INFO     [psi4.driver.driver:523] Compute energy(): method=b3lyp, basis=cc-pvdz, molecule=default, nre=4.2898373144387865
2025-07-10:15:56:29,610 INFO     [psi4.driver.driver:526] Return energy(): -100.41232866632697
2025-07-10:15:56:29,620 INFO     [psi4.driver.task_planner:285] PLANNING Atomic:  keywords={'SCF__INTS_TOLERANCE': 1e-12, 'REFERENCE': 'RHF', 'SAVE_JK': 1, 'function_kwargs': {}}
2025-07-10:15:56:29,621 INFO     [psi4.driver.driver:523] Compute energy(): method=b3lyp, basis=cc-pvdz, molecule=default, nre=4.258524633311496
2025-07-10:15:56:29,855 INFO     [psi4.driver.driver:526] Return energy(): -100.41063398584456
2025-07-10:15:56:29,864 INFO     [psi4.driver.task_planner:285] PLANNING Atomic:  keywords={'SCF__INTS_TOLERANCE': 1e-12, 'REFERENCE': 'RHF', 'SAVE_JK': 1, 'function_kwargs': {}}
2025-07-10:15:56:29,865 INFO     [psi4.driver.driver:523] Compute energy(): method=b3lyp, basis=cc-pvdz, molecule=default, nre=4.227665759157065
2025-07-10:15:56:30,101 INFO     [psi4.driver.driver:526] Return energy(): -100.40890987206714
2025-07-10:15:56:30,110 INFO     [psi4.driver.task_planner:285] PLANNING Atomic:  keywords={'SCF__INTS_TOLERANCE': 1e-12, 'REFERENCE': 'RHF', 'SAVE_JK': 1, 'function_kwargs': {}}
2025-07-10:15:56:30,111 INFO     [psi4.driver.driver:523] Compute energy(): method=b3lyp, basis=cc-pvdz, molecule=default, nre=4.197250897580395
2025-07-10:15:56:30,347 INFO     [psi4.driver.driver:526] Return energy(): -100.4071585953871
2025-07-10:15:56:30,356 INFO     [psi4.driver.task_planner:285] PLANNING Atomic:  keywords={'SCF__INTS_TOLERANCE': 1e-12, 'REFERENCE': 'RHF', 'SAVE_JK': 1, 'function_kwargs': {}}
2025-07-10:15:56:30,357 INFO     [psi4.driver.driver:523] Compute energy(): method=b3lyp, basis=cc-pvdz, molecule=default, nre=4.16727053402625
2025-07-10:15:56:30,592 INFO     [psi4.driver.driver:526] Return energy(): -100.40538231106284
2025-07-10:15:56:30,600 INFO     [psi4.driver.task_planner:285] PLANNING Atomic:  keywords={'SCF__INTS_TOLERANCE': 1e-12, 'REFERENCE': 'RHF', 'SAVE_JK': 1, 'function_kwargs': {}}
2025-07-10:15:56:30,601 INFO     [psi4.driver.driver:523] Compute energy(): method=b3lyp, basis=cc-pvdz, molecule=default, nre=4.137715423855851
2025-07-10:15:56:30,837 INFO     [psi4.driver.driver:526] Return energy(): -100.40358306561889
2025-07-10:15:56:30,846 INFO     [psi4.driver.task_planner:285] PLANNING Atomic:  keywords={'SCF__INTS_TOLERANCE': 1e-12, 'REFERENCE': 'RHF', 'SAVE_JK': 1, 'function_kwargs': {}}
2025-07-10:15:56:30,847 INFO     [psi4.driver.driver:523] Compute energy(): method=b3lyp, basis=cc-pvdz, molecule=default, nre=4.108576582842781
2025-07-10:15:56:31,81 INFO     [psi4.driver.driver:526] Return energy(): -100.40176280302506
2025-07-10:15:56:31,90 INFO     [psi4.driver.task_planner:285] PLANNING Atomic:  keywords={'SCF__INTS_TOLERANCE': 1e-12, 'REFERENCE': 'RHF', 'SAVE_JK': 1, 'function_kwargs': {}}
2025-07-10:15:56:31,91 INFO     [psi4.driver.driver:523] Compute energy(): method=b3lyp, basis=cc-pvdz, molecule=default, nre=4.0798452780676575
2025-07-10:15:56:31,328 INFO     [psi4.driver.driver:526] Return energy(): -100.39992337037317
2025-07-10:15:56:31,337 INFO     [psi4.driver.task_planner:285] PLANNING Atomic:  keywords={'SCF__INTS_TOLERANCE': 1e-12, 'REFERENCE': 'RHF', 'SAVE_JK': 1, 'function_kwargs': {}}
2025-07-10:15:56:31,338 INFO     [psi4.driver.driver:523] Compute energy(): method=b3lyp, basis=cc-pvdz, molecule=default, nre=4.051513019192187
2025-07-10:15:56:31,573 INFO     [psi4.driver.driver:526] Return energy(): -100.39806652295613
2025-07-10:15:56:31,583 INFO     [psi4.driver.task_planner:285] PLANNING Atomic:  keywords={'SCF__INTS_TOLERANCE': 1e-12, 'REFERENCE': 'RHF', 'SAVE_JK': 1, 'function_kwargs': {}}
2025-07-10:15:56:31,584 INFO     [psi4.driver.driver:523] Compute energy(): method=b3lyp, basis=cc-pvdz, molecule=default, nre=4.023571550094311
2025-07-10:15:56:31,817 INFO     [psi4.driver.driver:526] Return energy(): -100.39619392885557
2025-07-10:15:56:31,826 INFO     [psi4.driver.task_planner:285] PLANNING Atomic:  keywords={'SCF__INTS_TOLERANCE': 1e-12, 'REFERENCE': 'RHF', 'SAVE_JK': 1, 'function_kwargs': {}}
2025-07-10:15:56:31,827 INFO     [psi4.driver.driver:523] Compute energy(): method=b3lyp, basis=cc-pvdz, molecule=default, nre=3.996012840847089
2025-07-10:15:56:32,65 INFO     [psi4.driver.driver:526] Return energy(): -100.39430717298217
2025-07-10:15:56:32,75 INFO     [psi4.driver.task_planner:285] PLANNING Atomic:  keywords={'SCF__INTS_TOLERANCE': 1e-12, 'REFERENCE': 'RHF', 'SAVE_JK': 1, 'function_kwargs': {}}
2025-07-10:15:56:32,75 INFO     [psi4.driver.driver:523] Compute energy(): method=b3lyp, basis=cc-pvdz, molecule=default, nre=3.968829080025001
2025-07-10:15:56:32,311 INFO     [psi4.driver.driver:526] Return energy(): -100.39240776072248
2025-07-10:15:56:32,359 INFO     [psi4.driver.task_planner:285] PLANNING Atomic:  keywords={'SCF__INTS_TOLERANCE': 1e-12, 'REFERENCE': 'RHF', 'SAVE_JK': 1, 'function_kwargs': {}}
2025-07-10:15:56:32,360 INFO     [psi4.driver.driver:523] Compute energy(): method=b3lyp, basis=cc-pvdz, molecule=default, nre=5.14483537296373
2025-07-10:15:56:32,585 INFO     [psi4.driver.driver:526] Return energy(): -100.43557740893387
2025-07-10:15:56:32,595 INFO     [psi4.driver.task_planner:285] PLANNING Atomic:  keywords={'SCF__INTS_TOLERANCE': 1e-12, 'REFERENCE': 'RHF', 'SAVE_JK': 1, 'function_kwargs': {}}
2025-07-10:15:56:32,596 INFO     [psi4.driver.driver:523] Compute energy(): method=b3lyp, basis=cc-pvdz, molecule=default, nre=5.139283616260117
2025-07-10:15:56:32,814 INFO     [psi4.driver.driver:526] Return energy(): -100.43557891730518
2025-07-10:15:56:32,823 INFO     [psi4.driver.task_planner:285] PLANNING Atomic:  keywords={'SCF__INTS_TOLERANCE': 1e-12, 'REFERENCE': 'RHF', 'SAVE_JK': 1, 'function_kwargs': {}}
2025-07-10:15:56:32,824 INFO     [psi4.driver.driver:523] Compute energy(): method=b3lyp, basis=cc-pvdz, molecule=default, nre=5.133743828366506
2025-07-10:15:56:33,39 INFO     [psi4.driver.driver:526] Return energy(): -100.43557833106223
2025-07-10:15:56:33,52 INFO     [psi4.driver.task_planner:285] PLANNING Atomic:  keywords={'SCF__INTS_TOLERANCE': 1e-12, 'REFERENCE': 'RHF', 'SAVE_JK': 1, 'function_kwargs': {}}
2025-07-10:15:56:33,53 INFO     [psi4.driver.driver:523] Compute energy(): method=b3lyp, basis=cc-pvdz, molecule=default, nre=5.150399137307532
2025-07-10:15:56:33,268 INFO     [psi4.driver.driver:526] Return energy(): -100.43557379044643
2025-07-10:15:56:33,278 INFO     [psi4.driver.task_planner:285] PLANNING Atomic:  keywords={'SCF__INTS_TOLERANCE': 1e-12, 'REFERENCE': 'RHF', 'SAVE_JK': 1, 'function_kwargs': {}}
2025-07-10:15:56:33,279 INFO     [psi4.driver.driver:523] Compute energy(): method=b3lyp, basis=cc-pvdz, molecule=default, nre=5.14483537296373
2025-07-10:15:56:33,495 INFO     [psi4.driver.driver:526] Return energy(): -100.43557740893387
2025-07-10:15:56:33,504 INFO     [psi4.driver.task_planner:285] PLANNING Atomic:  keywords={'SCF__INTS_TOLERANCE': 1e-12, 'REFERENCE': 'RHF', 'SAVE_JK': 1, 'function_kwargs': {}}
2025-07-10:15:56:33,505 INFO     [psi4.driver.driver:523] Compute energy(): method=b3lyp, basis=cc-pvdz, molecule=default, nre=5.133743828366506
2025-07-10:15:56:33,722 INFO     [psi4.driver.driver:526] Return energy(): -100.43557833106223
2025-07-10:15:56:33,731 INFO     [psi4.driver.task_planner:285] PLANNING Atomic:  keywords={'SCF__INTS_TOLERANCE': 1e-12, 'REFERENCE': 'RHF', 'SAVE_JK': 1, 'function_kwargs': {}}
2025-07-10:15:56:33,732 INFO     [psi4.driver.driver:523] Compute energy(): method=b3lyp, basis=cc-pvdz, molecule=default, nre=5.128215970619956
2025-07-10:15:56:33,947 INFO     [psi4.driver.driver:526] Return energy(): -100.43557566558007
2025-07-10:15:56:33,960 INFO     [psi4.driver.task_planner:285] PLANNING Atomic:  keywords={'SCF__INTS_TOLERANCE': 1e-12, 'REFERENCE': 'RHF', 'SAVE_JK': 1, 'function_kwargs': {}}
2025-07-10:15:56:33,961 INFO     [psi4.driver.driver:523] Compute energy(): method=b3lyp, basis=cc-pvdz, molecule=default, nre=5.150399137307532
2025-07-10:15:56:34,177 INFO     [psi4.driver.driver:526] Return energy(): -100.43557379044643
2025-07-10:15:56:34,186 INFO     [psi4.driver.task_planner:285] PLANNING Atomic:  keywords={'SCF__INTS_TOLERANCE': 1e-12, 'REFERENCE': 'RHF', 'SAVE_JK': 1, 'function_kwargs': {}}
2025-07-10:15:56:34,187 INFO     [psi4.driver.driver:523] Compute energy(): method=b3lyp, basis=cc-pvdz, molecule=default, nre=5.14483537296373
2025-07-10:15:56:34,404 INFO     [psi4.driver.driver:526] Return energy(): -100.43557740893387
2025-07-10:15:56:34,413 INFO     [psi4.driver.task_planner:285] PLANNING Atomic:  keywords={'SCF__INTS_TOLERANCE': 1e-12, 'REFERENCE': 'RHF', 'SAVE_JK': 1, 'function_kwargs': {}}
2025-07-10:15:56:34,414 INFO     [psi4.driver.driver:523] Compute energy(): method=b3lyp, basis=cc-pvdz, molecule=default, nre=5.139283616260117
2025-07-10:15:56:34,635 INFO     [psi4.driver.driver:526] Return energy(): -100.43557891730518
2025-07-10:15:56:34,645 INFO     [psi4.driver.task_planner:285] PLANNING Atomic:  keywords={'SCF__INTS_TOLERANCE': 1e-12, 'REFERENCE': 'RHF', 'SAVE_JK': 1, 'function_kwargs': {}}
2025-07-10:15:56:34,646 INFO     [psi4.driver.driver:523] Compute energy(): method=b3lyp, basis=cc-pvdz, molecule=default, nre=5.133743828366506
2025-07-10:15:56:34,862 INFO     [psi4.driver.driver:526] Return energy(): -100.43557833106223
2025-07-10:15:56:34,871 INFO     [psi4.driver.task_planner:285] PLANNING Atomic:  keywords={'SCF__INTS_TOLERANCE': 1e-12, 'REFERENCE': 'RHF', 'SAVE_JK': 1, 'function_kwargs': {}}
2025-07-10:15:56:34,872 INFO     [psi4.driver.driver:523] Compute energy(): method=b3lyp, basis=cc-pvdz, molecule=default, nre=5.128215970619956
2025-07-10:15:56:35,89 INFO     [psi4.driver.driver:526] Return energy(): -100.43557566558007
