Traceback (most recent call last):
  File "/Users/jfoley19/miniconda3/envs/jbook/lib/python3.11/site-packages/jupyter_cache/executors/utils.py", line 58, in single_nb_execution
    executenb(
  File "/Users/jfoley19/miniconda3/envs/jbook/lib/python3.11/site-packages/nbclient/client.py", line 1319, in execute
    return NotebookClient(nb=nb, resources=resources, km=km, **kwargs).execute()
           ^^^^^^^^^^^^^^^^^^^^^^^^^^^^^^^^^^^^^^^^^^^^^^^^^^^^^^^^^^^^^^^^^^^^^
  File "/Users/jfoley19/miniconda3/envs/jbook/lib/python3.11/site-packages/jupyter_core/utils/__init__.py", line 165, in wrapped
    return loop.run_until_complete(inner)
           ^^^^^^^^^^^^^^^^^^^^^^^^^^^^^^
  File "/Users/jfoley19/miniconda3/envs/jbook/lib/python3.11/asyncio/base_events.py", line 650, in run_until_complete
    return future.result()
           ^^^^^^^^^^^^^^^
  File "/Users/jfoley19/miniconda3/envs/jbook/lib/python3.11/contextlib.py", line 222, in __aexit__
    await self.gen.athrow(typ, value, traceback)
  File "/Users/jfoley19/miniconda3/envs/jbook/lib/python3.11/site-packages/nbclient/client.py", line 654, in async_setup_kernel
    yield
  File "/Users/jfoley19/miniconda3/envs/jbook/lib/python3.11/site-packages/nbclient/client.py", line 709, in async_execute
    await self.async_execute_cell(
  File "/Users/jfoley19/miniconda3/envs/jbook/lib/python3.11/site-packages/nbclient/client.py", line 1062, in async_execute_cell
    await self._check_raise_for_error(cell, cell_index, exec_reply)
  File "/Users/jfoley19/miniconda3/envs/jbook/lib/python3.11/site-packages/nbclient/client.py", line 918, in _check_raise_for_error
    raise CellExecutionError.from_cell_and_msg(cell, exec_reply_content)
nbclient.exceptions.CellExecutionError: An error occurred while executing the following cell:
------------------
# build ladder operator when matter Hilbert space is truncated to include 4 states
a_dag, a = build_ladder_operator_matrices(4)

# print raising operator
print("The raising operator matrix for the matter Hilbert space truncated to include 4 states")
print(a_dag)

# print lowering opreator
print("The lowering operator matrix for the matter Hilbert space truncated to include 4 states")
print(a)

# build ladder operator when matter Hilbert space is truncated to include 4 states
b_dag, b = build_ladder_operator_matrices(4)

# print raising operator
print("The raising operator matrix for the photonic Hilbert space truncated to include 2 states")
print(b_dag)

# print lowering opreator
print("The lowering operator matrix for the photonic Hilbert space truncated to include 2 states")
print(b)
------------------


[31m---------------------------------------------------------------------------[39m
[31mTypeError[39m                                 Traceback (most recent call last)
[36mCell[39m[36m [39m[32mIn[3][39m[32m, line 2[39m
[32m      1[39m [38;5;66;03m# build ladder operator when matter Hilbert space is truncated to include 4 states[39;00m
[32m----> [39m[32m2[39m a_dag, a = build_ladder_operator_matrices([32m4[39m)
[32m      4[39m [38;5;66;03m# print raising operator[39;00m
[32m      5[39m [38;5;28mprint[39m([33m"[39m[33mThe raising operator matrix for the matter Hilbert space truncated to include 4 states[39m[33m"[39m)

[31mTypeError[39m: cannot unpack non-iterable NoneType object

