Traceback (most recent call last):
  File "/Users/jfoley19/miniconda3/envs/jbook/lib/python3.11/site-packages/jupyter_cache/executors/utils.py", line 58, in single_nb_execution
    executenb(
  File "/Users/jfoley19/miniconda3/envs/jbook/lib/python3.11/site-packages/nbclient/client.py", line 1319, in execute
    return NotebookClient(nb=nb, resources=resources, km=km, **kwargs).execute()
           ^^^^^^^^^^^^^^^^^^^^^^^^^^^^^^^^^^^^^^^^^^^^^^^^^^^^^^^^^^^^^^^^^^^^^
  File "/Users/jfoley19/miniconda3/envs/jbook/lib/python3.11/site-packages/jupyter_core/utils/__init__.py", line 165, in wrapped
    return loop.run_until_complete(inner)
           ^^^^^^^^^^^^^^^^^^^^^^^^^^^^^^
  File "/Users/jfoley19/miniconda3/envs/jbook/lib/python3.11/asyncio/base_events.py", line 650, in run_until_complete
    return future.result()
           ^^^^^^^^^^^^^^^
  File "/Users/jfoley19/miniconda3/envs/jbook/lib/python3.11/contextlib.py", line 222, in __aexit__
    await self.gen.athrow(typ, value, traceback)
  File "/Users/jfoley19/miniconda3/envs/jbook/lib/python3.11/site-packages/nbclient/client.py", line 654, in async_setup_kernel
    yield
  File "/Users/jfoley19/miniconda3/envs/jbook/lib/python3.11/site-packages/nbclient/client.py", line 709, in async_execute
    await self.async_execute_cell(
  File "/Users/jfoley19/miniconda3/envs/jbook/lib/python3.11/site-packages/nbclient/client.py", line 1062, in async_execute_cell
    await self._check_raise_for_error(cell, cell_index, exec_reply)
  File "/Users/jfoley19/miniconda3/envs/jbook/lib/python3.11/site-packages/nbclient/client.py", line 918, in _check_raise_for_error
    raise CellExecutionError.from_cell_and_msg(cell, exec_reply_content)
nbclient.exceptions.CellExecutionError: An error occurred while executing the following cell:
------------------
# compute eigenvectors and eigenvalues of Sx, store them to vals_x, vecs_x


# compute eigenvectors and eigenvalues of Sy, store them to vals_y, vecs_y


# print shape of vals_x


# print shape of vecs_x


print(vals_x)
print(vecs_x)
print(vals_y)
print(vecs_y)
------------------


[31m---------------------------------------------------------------------------[39m
[31mNameError[39m                                 Traceback (most recent call last)
[36mCell[39m[36m [39m[32mIn[13][39m[32m, line 13[39m
[32m      1[39m [38;5;66;03m# compute eigenvectors and eigenvalues of Sx, store them to vals_x, vecs_x[39;00m
[32m      2[39m 
[32m      3[39m 
[32m   (...)[39m[32m      9[39m 
[32m     10[39m [38;5;66;03m# print shape of vecs_x[39;00m
[32m---> [39m[32m13[39m [38;5;28mprint[39m(vals_x)
[32m     14[39m [38;5;28mprint[39m(vecs_x)
[32m     15[39m [38;5;28mprint[39m(vals_y)

[31mNameError[39m: name 'vals_x' is not defined

