Traceback (most recent call last):
  File "/Users/jfoley19/miniconda3/envs/jbook/lib/python3.11/site-packages/jupyter_cache/executors/utils.py", line 58, in single_nb_execution
    executenb(
  File "/Users/jfoley19/miniconda3/envs/jbook/lib/python3.11/site-packages/nbclient/client.py", line 1319, in execute
    return NotebookClient(nb=nb, resources=resources, km=km, **kwargs).execute()
           ^^^^^^^^^^^^^^^^^^^^^^^^^^^^^^^^^^^^^^^^^^^^^^^^^^^^^^^^^^^^^^^^^^^^^
  File "/Users/jfoley19/miniconda3/envs/jbook/lib/python3.11/site-packages/jupyter_core/utils/__init__.py", line 165, in wrapped
    return loop.run_until_complete(inner)
           ^^^^^^^^^^^^^^^^^^^^^^^^^^^^^^
  File "/Users/jfoley19/miniconda3/envs/jbook/lib/python3.11/asyncio/base_events.py", line 650, in run_until_complete
    return future.result()
           ^^^^^^^^^^^^^^^
  File "/Users/jfoley19/miniconda3/envs/jbook/lib/python3.11/contextlib.py", line 222, in __aexit__
    await self.gen.athrow(typ, value, traceback)
  File "/Users/jfoley19/miniconda3/envs/jbook/lib/python3.11/site-packages/nbclient/client.py", line 654, in async_setup_kernel
    yield
  File "/Users/jfoley19/miniconda3/envs/jbook/lib/python3.11/site-packages/nbclient/client.py", line 709, in async_execute
    await self.async_execute_cell(
  File "/Users/jfoley19/miniconda3/envs/jbook/lib/python3.11/site-packages/nbclient/client.py", line 1062, in async_execute_cell
    await self._check_raise_for_error(cell, cell_index, exec_reply)
  File "/Users/jfoley19/miniconda3/envs/jbook/lib/python3.11/site-packages/nbclient/client.py", line 918, in _check_raise_for_error
    raise CellExecutionError.from_cell_and_msg(cell, exec_reply_content)
nbclient.exceptions.CellExecutionError: An error occurred while executing the following cell:
------------------
import numpy as np
import matplotlib.pyplot as plt

r_values = np.linspace(0.2 * r_eq_au, 2.5 * r_eq_au, 500)
V_values = evaluate_Morse(r_values, De_au, beta_au, r_eq_au)

plt.plot(r_values, V_values, label="Morse Potential")
plt.axhline(0, color='gray', linestyle='--')
plt.axhline(0.4127, color='red', linestyle='--', label=r"$D_e$ (Dissociation Energy)")
plt.axvline(2.132, color='green', linestyle='--', label=r"$r_{eq}$ (Equilibrium Bond Length)")

plt.xlabel("Bond Length (au)")
plt.ylabel("Potential Energy (au)")
plt.title("Morse Potential for CO Molecule")
plt.tight_layout()
plt.legend()
plt.ylim(-0.05, 0.45)
plt.show()
------------------


[31m---------------------------------------------------------------------------[39m
[31mNameError[39m                                 Traceback (most recent call last)
[36mCell[39m[36m [39m[32mIn[3][39m[32m, line 4[39m
[32m      1[39m [38;5;28;01mimport[39;00m[38;5;250m [39m[34;01mnumpy[39;00m[38;5;250m [39m[38;5;28;01mas[39;00m[38;5;250m [39m[34;01mnp[39;00m
[32m      2[39m [38;5;28;01mimport[39;00m[38;5;250m [39m[34;01mmatplotlib[39;00m[34;01m.[39;00m[34;01mpyplot[39;00m[38;5;250m [39m[38;5;28;01mas[39;00m[38;5;250m [39m[34;01mplt[39;00m
[32m----> [39m[32m4[39m r_values = np.linspace([32m0.2[39m * r_eq_au, [32m2.5[39m * r_eq_au, [32m500[39m)
[32m      5[39m V_values = evaluate_Morse(r_values, De_au, beta_au, r_eq_au)
[32m      7[39m plt.plot(r_values, V_values, label=[33m"[39m[33mMorse Potential[39m[33m"[39m)

[31mNameError[39m: name 'r_eq_au' is not defined

